[debug] [2023-02-15T20:01:20.710Z] ----------------------------------------------------------------------
[debug] [2023-02-15T20:01:20.715Z] Command:       C:\Program Files\nodejs\node.exe C:\Users\mahmoud\AppData\Roaming\npm\node_modules\firebase-tools\lib\bin\firebase.js init
[debug] [2023-02-15T20:01:20.717Z] CLI Version:   11.23.1
[debug] [2023-02-15T20:01:20.719Z] Platform:      win32
[debug] [2023-02-15T20:01:20.719Z] Node Version:  v18.12.0
[debug] [2023-02-15T20:01:20.721Z] Time:          Wed Feb 15 2023 22:01:20 GMT+0200 (توقيت شرق أوروبا الرسمي)
[debug] [2023-02-15T20:01:20.722Z] ----------------------------------------------------------------------
[debug] 
[debug] [2023-02-15T20:01:20.746Z] > command requires scopes: ["email","openid","https://www.googleapis.com/auth/cloudplatformprojects.readonly","https://www.googleapis.com/auth/firebase","https://www.googleapis.com/auth/cloud-platform"]
[debug] [2023-02-15T20:01:20.748Z] > authorizing via signed-in user (mahmoud19salem@gmail.com)
[info] 
     ######## #### ########  ######## ########     ###     ######  ########
     ##        ##  ##     ## ##       ##     ##  ##   ##  ##       ##
     ######    ##  ########  ######   ########  #########  ######  ######
     ##        ##  ##    ##  ##       ##     ## ##     ##       ## ##
     ##       #### ##     ## ######## ########  ##     ##  ######  ########

You're about to initialize a Firebase project in this directory:

  G:\PROJECT_NODE\firebase\first_app

[info] 
=== Project Setup
[info] 
[info] First, let's associate this project directory with a Firebase project.
[info] You can create multiple project aliases by running firebase use --add, 
[info] but for now we'll just set up a default project.
[info] 
[debug] [2023-02-15T20:04:32.403Z] >>> [apiv2][query] GET https://firebase.googleapis.com/v1beta1/projects pageSize=100
[debug] [2023-02-15T20:04:33.670Z] <<< [apiv2][status] GET https://firebase.googleapis.com/v1beta1/projects 200
[debug] [2023-02-15T20:04:33.670Z] <<< [apiv2][body] GET https://firebase.googleapis.com/v1beta1/projects [omitted]
[info] i  Using project firstapp-862e4 (firstapp) 
[info] 
=== Hosting Setup
[info] 
[info] Your public directory is the folder (relative to your project directory) that
[info] will contain Hosting assets to be uploaded with firebase deploy. If you
[info] have a build process for your assets, use your build's output directory.
[info] 
[info] +  Wrote public/404.html 
[debug] [2023-02-15T20:07:13.688Z] >>> [apiv2][query] GET https://www.gstatic.com/firebasejs/releases.json [none]
[debug] [2023-02-15T20:07:13.895Z] <<< [apiv2][status] GET https://www.gstatic.com/firebasejs/releases.json 200
[debug] [2023-02-15T20:07:13.895Z] <<< [apiv2][body] GET https://www.gstatic.com/firebasejs/releases.json {"current":{"version":"9.17.1","browserURL":"https://www.gstatic.com/firebasejs/9.17.1/firebase.js","packageURL":"https://www.gstatic.com/firebasejs/9.17.1/firebase.tgz"},"live":{"version":"9.17","browserURL":"https://www.gstatic.com/firebasejs/live/9.17/firebase.js","packageURL":"https://www.gstatic.com/firebasejs/live/9.17/firebase.tgz"},"components":{"analytics":"https://www.gstatic.com/firebasejs/9.17.1/firebase-analytics.js","app":"https://www.gstatic.com/firebasejs/9.17.1/firebase-app.js","app-check":"https://www.gstatic.com/firebasejs/9.17.1/firebase-app-check.js","auth":"https://www.gstatic.com/firebasejs/9.17.1/firebase-auth.js","auth/cordova":"https://www.gstatic.com/firebasejs/9.17.1/firebase-auth/cordova.js","auth/react-native":"https://www.gstatic.com/firebasejs/9.17.1/firebase-auth/react-native.js","functions":"https://www.gstatic.com/firebasejs/9.17.1/firebase-functions.js","firestore":"https://www.gstatic.com/firebasejs/9.17.1/firebase-firestore.js","firestore/lite":"https://www.gstatic.com/firebasejs/9.17.1/firebase-firestore/lite.js","installations":"https://www.gstatic.com/firebasejs/9.17.1/firebase-installations.js","storage":"https://www.gstatic.com/firebasejs/9.17.1/firebase-storage.js","performance":"https://www.gstatic.com/firebasejs/9.17.1/firebase-performance.js","remote-config":"https://www.gstatic.com/firebasejs/9.17.1/firebase-remote-config.js","messaging":"https://www.gstatic.com/firebasejs/9.17.1/firebase-messaging.js","messaging/sw":"https://www.gstatic.com/firebasejs/9.17.1/firebase-messaging/sw.js","database":"https://www.gstatic.com/firebasejs/9.17.1/firebase-database.js","firestore.memory":"https://www.gstatic.com/firebasejs/9.17.1/firebase-firestore.memory.js"}}
[info] +  Wrote public/index.html 
[info] 
[info] i  Didn't detect a .git folder. Assuming G:\PROJECT_NODE\firebase\first_app is the project root. 
[info] i  Authorizing with GitHub to upload your service account to a GitHub repository's secrets store. 
[info] 
[info] Visit this URL on this device to log in:
[info] https://github.com/login/oauth/authorize?client_id=89cf50f02ac6aaed3484&state=655167612&redirect_uri=http%3A%2F%2Flocalhost%3A9005&scope=read%3Auser%20repo%20public_repo
[info] 
[info] Waiting for authentication...
[debug] [2023-02-15T20:07:53.740Z] >>> [apiv2][query] POST https://github.com/login/oauth/access_token [none]
[debug] [2023-02-15T20:07:53.740Z] >>> [apiv2][body] POST https://github.com/login/oauth/access_token [stream]
[debug] [2023-02-15T20:07:54.854Z] <<< [apiv2][status] POST https://github.com/login/oauth/access_token 200
[debug] [2023-02-15T20:07:54.854Z] <<< [apiv2][body] POST https://github.com/login/oauth/access_token {"access_token":"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","token_type":"bearer","scope":"read:user,repo"}
[debug] [2023-02-15T20:07:55.186Z] >>> [apiv2][query] GET https://api.github.com/user [none]
[debug] [2023-02-15T20:07:55.724Z] <<< [apiv2][status] GET https://api.github.com/user 200
[debug] [2023-02-15T20:07:55.724Z] <<< [apiv2][body] GET https://api.github.com/user {"login":"mahmoudsalemabdelrahman","id":95503402,"node_id":"U_kgDOBbFEKg","avatar_url":"https://avatars.githubusercontent.com/u/95503402?v=4","gravatar_id":"","url":"https://api.github.com/users/mahmoudsalemabdelrahman","html_url":"https://github.com/mahmoudsalemabdelrahman","followers_url":"https://api.github.com/users/mahmoudsalemabdelrahman/followers","following_url":"https://api.github.com/users/mahmoudsalemabdelrahman/following{/other_user}","gists_url":"https://api.github.com/users/mahmoudsalemabdelrahman/gists{/gist_id}","starred_url":"https://api.github.com/users/mahmoudsalemabdelrahman/starred{/owner}{/repo}","subscriptions_url":"https://api.github.com/users/mahmoudsalemabdelrahman/subscriptions","organizations_url":"https://api.github.com/users/mahmoudsalemabdelrahman/orgs","repos_url":"https://api.github.com/users/mahmoudsalemabdelrahman/repos","events_url":"https://api.github.com/users/mahmoudsalemabdelrahman/events{/privacy}","received_events_url":"https://api.github.com/users/mahmoudsalemabdelrahman/received_events","type":"User","site_admin":false,"name":"Mahmoud Salem","company":"#","blog":"#","location":"Damanhour","email":null,"hireable":null,"bio":"hello this is Mahmoud Salem Abd El Rahman Front Interface Developer and Application Programmer","twitter_username":"mahmoud","public_repos":2,"public_gists":0,"followers":0,"following":0,"created_at":"2021-12-03T20:13:25Z","updated_at":"2022-10-25T20:00:36Z","private_gists":0,"total_private_repos":0,"owned_private_repos":0,"disk_usage":3,"collaborators":0,"two_factor_authentication":false,"plan":{"name":"free","space":976562499,"collaborators":0,"private_repos":10000}}
[info] 
[info] +  Success! Logged into GitHub as mahmoudsalemabdelrahman 
[info] 
[debug] [2023-02-15T20:08:21.086Z] >>> [apiv2][query] GET https://api.github.com/repos//actions/secrets/public-key type=owner
[debug] [2023-02-15T20:08:21.453Z] <<< [apiv2][status] GET https://api.github.com/repos//actions/secrets/public-key 404
[debug] [2023-02-15T20:08:21.454Z] <<< [apiv2][body] GET https://api.github.com/repos//actions/secrets/public-key {"message":"Not Found","documentation_url":"https://docs.github.com/rest"}
[debug] [2023-02-15T20:08:50.854Z] >>> [apiv2][query] GET https://api.github.com/repos/y/actions/secrets/public-key type=owner
[debug] [2023-02-15T20:08:51.222Z] <<< [apiv2][status] GET https://api.github.com/repos/y/actions/secrets/public-key 404
[debug] [2023-02-15T20:08:51.223Z] <<< [apiv2][body] GET https://api.github.com/repos/y/actions/secrets/public-key {"message":"Not Found","documentation_url":"https://docs.github.com/rest"}
[debug] [2023-02-15T20:09:32.848Z] >>> [apiv2][query] GET https://api.github.com/repos/yes/actions/secrets/public-key type=owner
[debug] [2023-02-15T20:09:33.243Z] <<< [apiv2][status] GET https://api.github.com/repos/yes/actions/secrets/public-key 404
[debug] [2023-02-15T20:09:33.243Z] <<< [apiv2][body] GET https://api.github.com/repos/yes/actions/secrets/public-key {"message":"Not Found","documentation_url":"https://docs.github.com/rest"}
[debug] [2023-02-15T20:15:48.025Z] >>> [apiv2][query] GET https://api.github.com/repos/ no/actions/secrets/public-key type=owner
[debug] [2023-02-15T20:15:50.024Z] <<< [apiv2][status] GET https://api.github.com/repos/ no/actions/secrets/public-key 404
[debug] [2023-02-15T20:15:50.025Z] <<< [apiv2][body] GET https://api.github.com/repos/ no/actions/secrets/public-key {"message":"Not Found","documentation_url":"https://docs.github.com/rest"}
[debug] [2023-02-15T20:15:57.199Z] >>> [apiv2][query] GET https://api.github.com/repos/ no/actions/secrets/public-key type=owner
[debug] [2023-02-15T20:15:58.029Z] <<< [apiv2][status] GET https://api.github.com/repos/ no/actions/secrets/public-key 404
[debug] [2023-02-15T20:15:58.045Z] <<< [apiv2][body] GET https://api.github.com/repos/ no/actions/secrets/public-key {"message":"Not Found","documentation_url":"https://docs.github.com/rest"}
[debug] [2023-02-15T20:16:05.850Z] >>> [apiv2][query] GET https://api.github.com/repos/N/actions/secrets/public-key type=owner
[debug] [2023-02-15T20:16:06.265Z] <<< [apiv2][status] GET https://api.github.com/repos/N/actions/secrets/public-key 404
[debug] [2023-02-15T20:16:06.265Z] <<< [apiv2][body] GET https://api.github.com/repos/N/actions/secrets/public-key {"message":"Not Found","documentation_url":"https://docs.github.com/rest"}
